0 info it worked if it ends with ok
1 verbose cli [ 'C:\\Program Files\\nodejs\\\\node.exe',
1 verbose cli   'C:\\Program Files\\nodejs\\node_modules\\npm\\bin\\npm-cli.js',
1 verbose cli   'install',
1 verbose cli   'E:\\download\\rangy-release-1.3.0-beta.2\\rangy-release-1.3.0-beta.2',
1 verbose cli   '--save' ]
2 info using npm@2.5.1
3 info using node@v0.12.0
4 verbose node symlink C:\Program Files\nodejs\\node.exe
5 warn package.json yo-chrome@0.0.0 No description
6 warn package.json yo-chrome@0.0.0 No repository field.
7 warn package.json yo-chrome@0.0.0 No README data
8 silly cache add args [ 'E:\\download\\rangy-release-1.3.0-beta.2\\rangy-release-1.3.0-beta.2',
8 silly cache add   null ]
9 verbose cache add spec E:\download\rangy-release-1.3.0-beta.2\rangy-release-1.3.0-beta.2
10 silly cache add parsed spec { raw: 'E:\\download\\rangy-release-1.3.0-beta.2\\rangy-release-1.3.0-beta.2',
10 silly cache add   scope: null,
10 silly cache add   name: null,
10 silly cache add   rawSpec: 'E:\\download\\rangy-release-1.3.0-beta.2\\rangy-release-1.3.0-beta.2',
10 silly cache add   spec: 'E:\\download\\rangy-release-1.3.0-beta.2\\rangy-release-1.3.0-beta.2',
10 silly cache add   type: 'local' }
11 error addLocal Could not install E:\download\rangy-release-1.3.0-beta.2\rangy-release-1.3.0-beta.2
12 verbose stack Error: EISDIR, read
12 verbose stack     at Error (native)
13 verbose cwd D:\project\CopyAsMarkdown\src
14 error Windows_NT 6.3.9600
15 error argv "C:\\Program Files\\nodejs\\\\node.exe" "C:\\Program Files\\nodejs\\node_modules\\npm\\bin\\npm-cli.js" "install" "E:\\download\\rangy-release-1.3.0-beta.2\\rangy-release-1.3.0-beta.2" "--save"
16 error node v0.12.0
17 error npm  v2.5.1
18 error code EISDIR
19 error errno -4068
20 error EISDIR, read
21 error If you need help, you may report this error at:
21 error     <http://github.com/npm/npm/issues>
22 verbose exit [ -4068, true ]
